<?xml version="1.0" encoding="UTF-8"?>
<!-- Generated by org.testng.reporters.JUnitReportReporter -->
<testsuite hostname="DIN16003469" name="executionEngine.DriverScript" tests="5" failures="0" timestamp="19 Apr 2018 07:27:37 GMT" time="223.706" errors="0">
  <testcase name="main_method" time="0.774" classname="executionEngine.DriverScript"/>
  <testcase name="main_method" time="0.041" classname="executionEngine.DriverScript"/>
  <testcase name="main_method" time="0.122" classname="executionEngine.DriverScript"/>
  <testcase name="main_method" time="99.740" classname="executionEngine.DriverScript"/>
  <testcase name="main_method" time="123.029" classname="executionEngine.DriverScript"/>
</testsuite> <!-- executionEngine.DriverScript -->
